  main.cpp
C:\Users\Dell\Desktop\centipede game\main.cpp(51,12): warning C4244: 'argument': conversion from 'time_t' to 'unsigned int', possible loss of data
C:\Users\Dell\Desktop\centipede game\main.cpp(75,57): warning C4244: 'argument': conversion from 'double' to 'sf::Uint8', possible loss of data
C:\Users\Dell\Desktop\centipede game\main.cpp(151,62): warning C4244: 'argument': conversion from 'int' to 'float', possible loss of data
C:\Users\Dell\Desktop\centipede game\main.cpp(151,45): warning C4244: 'argument': conversion from 'int' to 'float', possible loss of data
C:\Users\Dell\Desktop\centipede game\main.cpp(161,64): warning C4244: 'argument': conversion from 'int' to 'float', possible loss of data
C:\Users\Dell\Desktop\centipede game\main.cpp(161,47): warning C4244: 'argument': conversion from 'int' to 'float', possible loss of data
C:\Users\Dell\Desktop\centipede game\main.cpp(500,51): warning C4244: 'argument': conversion from 'int' to 'float', possible loss of data
C:\Users\Dell\Desktop\centipede game\main.cpp(500,33): warning C4244: 'argument': conversion from 'int' to 'float', possible loss of data
C:\Users\Dell\Desktop\centipede game\main.cpp(531,50): warning C4244: 'argument': conversion from 'int' to 'float', possible loss of data
C:\Users\Dell\Desktop\centipede game\main.cpp(531,34): warning C4244: 'argument': conversion from 'int' to 'float', possible loss of data
C:\Users\Dell\Desktop\centipede game\main.cpp(543,50): warning C4244: 'argument': conversion from 'int' to 'float', possible loss of data
C:\Users\Dell\Desktop\centipede game\main.cpp(543,34): warning C4244: 'argument': conversion from 'int' to 'float', possible loss of data
C:\Users\Dell\Desktop\centipede game\main.cpp(573,10): warning C4244: 'initializing': conversion from 'float' to 'int', possible loss of data
C:\Users\Dell\Desktop\centipede game\main.cpp(574,10): warning C4244: 'initializing': conversion from 'float' to 'int', possible loss of data
C:\Users\Dell\Desktop\centipede game\main.cpp(614,11): warning C4244: 'initializing': conversion from 'float' to 'int', possible loss of data
C:\Users\Dell\Desktop\centipede game\main.cpp(615,11): warning C4244: 'initializing': conversion from 'float' to 'int', possible loss of data
main.obj : error LNK2019: unresolved external symbol "__declspec(dllimport) public: int __thiscall sf::Time::asMilliseconds(void)const " (__imp_?asMilliseconds@Time@sf@@QBEHXZ) referenced in function "void __cdecl moveBullet(float * const,class sf::Clock &)" (?moveBullet@@YAXQAMAAVClock@sf@@@Z)
main.obj : error LNK2019: unresolved external symbol "__declspec(dllimport) public: __thiscall sf::Clock::Clock(void)" (__imp_??0Clock@sf@@QAE@XZ) referenced in function _main
main.obj : error LNK2019: unresolved external symbol "__declspec(dllimport) public: class sf::Time __thiscall sf::Clock::getElapsedTime(void)const " (__imp_?getElapsedTime@Clock@sf@@QBE?AVTime@2@XZ) referenced in function "void __cdecl moveBullet(float * const,class sf::Clock &)" (?moveBullet@@YAXQAMAAVClock@sf@@@Z)
main.obj : error LNK2019: unresolved external symbol "__declspec(dllimport) public: class sf::Time __thiscall sf::Clock::restart(void)" (__imp_?restart@Clock@sf@@QAE?AVTime@2@XZ) referenced in function "void __cdecl moveBullet(float * const,class sf::Clock &)" (?moveBullet@@YAXQAMAAVClock@sf@@@Z)
main.obj : error LNK2019: unresolved external symbol "__declspec(dllimport) public: __thiscall sf::String::String(char const *,class std::locale const &)" (__imp_??0String@sf@@QAE@PBDABVlocale@std@@@Z) referenced in function _main
main.obj : error LNK2019: unresolved external symbol "__declspec(dllimport) public: __thiscall sf::String::String(class std::basic_string<char,struct std::char_traits<char>,class std::allocator<char> > const &,class std::locale const &)" (__imp_??0String@sf@@QAE@ABV?$basic_string@DU?$char_traits@D@std@@V?$allocator@D@2@@std@@ABVlocale@3@@Z) referenced in function _main
main.obj : error LNK2019: unresolved external symbol "__declspec(dllimport) public: __thiscall sf::String::~String(void)" (__imp_??1String@sf@@QAE@XZ) referenced in function _main
main.obj : error LNK2019: unresolved external symbol "__declspec(dllimport) public: static bool __cdecl sf::Keyboard::isKeyPressed(enum sf::Keyboard::Key)" (__imp_?isKeyPressed@Keyboard@sf@@SA_NW4Key@12@@Z) referenced in function "void __cdecl shoot(float * const,class sf::Clock &,bool &,float * const)" (?shoot@@YAXQAMAAVClock@sf@@AA_N0@Z)
main.obj : error LNK2019: unresolved external symbol "__declspec(dllimport) public: __thiscall sf::VideoMode::VideoMode(unsigned int,unsigned int,unsigned int)" (__imp_??0VideoMode@sf@@QAE@III@Z) referenced in function _main
main.obj : error LNK2019: unresolved external symbol "__declspec(dllimport) public: bool __thiscall sf::WindowBase::isOpen(void)const " (__imp_?isOpen@WindowBase@sf@@QBE_NXZ) referenced in function _main
main.obj : error LNK2019: unresolved external symbol "__declspec(dllimport) public: bool __thiscall sf::WindowBase::pollEvent(class sf::Event &)" (__imp_?pollEvent@WindowBase@sf@@QAE_NAAVEvent@2@@Z) referenced in function _main
main.obj : error LNK2019: unresolved external symbol "__declspec(dllimport) public: void __thiscall sf::WindowBase::setPosition(class sf::Vector2<int> const &)" (__imp_?setPosition@WindowBase@sf@@QAEXABV?$Vector2@H@2@@Z) referenced in function _main
main.obj : error LNK2019: unresolved external symbol "__declspec(dllimport) public: void __thiscall sf::WindowBase::setSize(class sf::Vector2<unsigned int> const &)" (__imp_?setSize@WindowBase@sf@@QAEXABV?$Vector2@I@2@@Z) referenced in function _main
main.obj : error LNK2019: unresolved external symbol "__declspec(dllimport) public: virtual void __thiscall sf::Window::close(void)" (__imp_?close@Window@sf@@UAEXXZ) referenced in function _main
main.obj : error LNK2019: unresolved external symbol "__declspec(dllimport) public: void __thiscall sf::Window::display(void)" (__imp_?display@Window@sf@@QAEXXZ) referenced in function _main
main.obj : error LNK2019: unresolved external symbol "__declspec(dllimport) public: void __thiscall sf::Transformable::setPosition(float,float)" (__imp_?setPosition@Transformable@sf@@QAEXMM@Z) referenced in function "void __cdecl drawBullet(class sf::RenderWindow &,float * const,class sf::Sprite &)" (?drawBullet@@YAXAAVRenderWindow@sf@@QAMAAVSprite@2@@Z)
main.obj : error LNK2019: unresolved external symbol "__declspec(dllimport) public: void __thiscall sf::Transformable::setPosition(class sf::Vector2<float> const &)" (__imp_?setPosition@Transformable@sf@@QAEXABV?$Vector2@M@2@@Z) referenced in function _main
main.obj : error LNK2019: unresolved external symbol "__declspec(dllimport) public: __thiscall sf::Color::Color(unsigned char,unsigned char,unsigned char,unsigned char)" (__imp_??0Color@sf@@QAE@EEEE@Z) referenced in function _main
main.obj : error LNK2019: unresolved external symbol "__declspec(dllimport) public: __thiscall sf::Texture::Texture(void)" (__imp_??0Texture@sf@@QAE@XZ) referenced in function "void __cdecl drawCentipede(class sf::RenderWindow &,int,int)" (?drawCentipede@@YAXAAVRenderWindow@sf@@HH@Z)
main.obj : error LNK2019: unresolved external symbol "__declspec(dllimport) public: __thiscall sf::Texture::~Texture(void)" (__imp_??1Texture@sf@@QAE@XZ) referenced in function "void __cdecl drawCentipede(class sf::RenderWindow &,int,int)" (?drawCentipede@@YAXAAVRenderWindow@sf@@HH@Z)
main.obj : error LNK2019: unresolved external symbol "__declspec(dllimport) public: bool __thiscall sf::Texture::loadFromFile(class std::basic_string<char,struct std::char_traits<char>,class std::allocator<char> > const &,class sf::Rect<int> const &)" (__imp_?loadFromFile@Texture@sf@@QAE_NABV?$basic_string@DU?$char_traits@D@std@@V?$allocator@D@2@@std@@ABV?$Rect@H@2@@Z) referenced in function "void __cdecl drawCentipede(class sf::RenderWindow &,int,int)" (?drawCentipede@@YAXAAVRenderWindow@sf@@HH@Z)
main.obj : error LNK2019: unresolved external symbol "__declspec(dllimport) public: __thiscall sf::Font::Font(void)" (__imp_??0Font@sf@@QAE@XZ) referenced in function _main
main.obj : error LNK2019: unresolved external symbol "__declspec(dllimport) public: __thiscall sf::Font::~Font(void)" (__imp_??1Font@sf@@QAE@XZ) referenced in function _main
main.obj : error LNK2019: unresolved external symbol "__declspec(dllimport) public: bool __thiscall sf::Font::loadFromFile(class std::basic_string<char,struct std::char_traits<char>,class std::allocator<char> > const &)" (__imp_?loadFromFile@Font@sf@@QAE_NABV?$basic_string@DU?$char_traits@D@std@@V?$allocator@D@2@@std@@@Z) referenced in function _main
main.obj : error LNK2019: unresolved external symbol "__declspec(dllimport) public: void __thiscall sf::RenderTarget::clear(class sf::Color const &)" (__imp_?clear@RenderTarget@sf@@QAEXABVColor@2@@Z) referenced in function _main
main.obj : error LNK2019: unresolved external symbol "__declspec(dllimport) public: void __thiscall sf::RenderTarget::draw(class sf::Drawable const &,class sf::RenderStates const &)" (__imp_?draw@RenderTarget@sf@@QAEXABVDrawable@2@ABVRenderStates@2@@Z) referenced in function "void __cdecl drawBullet(class sf::RenderWindow &,float * const,class sf::Sprite &)" (?drawBullet@@YAXAAVRenderWindow@sf@@QAMAAVSprite@2@@Z)
main.obj : error LNK2019: unresolved external symbol "__declspec(dllimport) public: __thiscall sf::RenderWindow::RenderWindow(class sf::VideoMode,class sf::String const &,unsigned int,struct sf::ContextSettings const &)" (__imp_??0RenderWindow@sf@@QAE@VVideoMode@1@ABVString@1@IABUContextSettings@1@@Z) referenced in function _main
main.obj : error LNK2019: unresolved external symbol "__declspec(dllimport) public: virtual __thiscall sf::RenderWindow::~RenderWindow(void)" (__imp_??1RenderWindow@sf@@UAE@XZ) referenced in function _main
main.obj : error LNK2019: unresolved external symbol "__declspec(dllimport) public: __thiscall sf::Sprite::Sprite(void)" (__imp_??0Sprite@sf@@QAE@XZ) referenced in function "void __cdecl drawCentipede(class sf::RenderWindow &,int,int)" (?drawCentipede@@YAXAAVRenderWindow@sf@@HH@Z)
main.obj : error LNK2019: unresolved external symbol "__declspec(dllimport) public: void __thiscall sf::Sprite::setTexture(class sf::Texture const &,bool)" (__imp_?setTexture@Sprite@sf@@QAEXABVTexture@2@_N@Z) referenced in function "void __cdecl drawCentipede(class sf::RenderWindow &,int,int)" (?drawCentipede@@YAXAAVRenderWindow@sf@@HH@Z)
main.obj : error LNK2019: unresolved external symbol "__declspec(dllimport) public: void __thiscall sf::Sprite::setTextureRect(class sf::Rect<int> const &)" (__imp_?setTextureRect@Sprite@sf@@QAEXABV?$Rect@H@2@@Z) referenced in function "void __cdecl drawCentipede(class sf::RenderWindow &,int,int)" (?drawCentipede@@YAXAAVRenderWindow@sf@@HH@Z)
main.obj : error LNK2019: unresolved external symbol "__declspec(dllimport) public: void __thiscall sf::Sprite::setColor(class sf::Color const &)" (__imp_?setColor@Sprite@sf@@QAEXABVColor@2@@Z) referenced in function "void __cdecl drawCentipede(class sf::RenderWindow &,int,int)" (?drawCentipede@@YAXAAVRenderWindow@sf@@HH@Z)
main.obj : error LNK2019: unresolved external symbol "__declspec(dllimport) public: virtual __thiscall sf::Sprite::~Sprite(void)" (__imp_??1Sprite@sf@@UAE@XZ) referenced in function "void __cdecl drawCentipede(class sf::RenderWindow &,int,int)" (?drawCentipede@@YAXAAVRenderWindow@sf@@HH@Z)
main.obj : error LNK2019: unresolved external symbol "__declspec(dllimport) public: __thiscall sf::Text::Text(void)" (__imp_??0Text@sf@@QAE@XZ) referenced in function _main
main.obj : error LNK2019: unresolved external symbol "__declspec(dllimport) public: void __thiscall sf::Text::setString(class sf::String const &)" (__imp_?setString@Text@sf@@QAEXABVString@2@@Z) referenced in function _main
main.obj : error LNK2019: unresolved external symbol "__declspec(dllimport) public: void __thiscall sf::Text::setFont(class sf::Font const &)" (__imp_?setFont@Text@sf@@QAEXABVFont@2@@Z) referenced in function _main
main.obj : error LNK2019: unresolved external symbol "__declspec(dllimport) public: void __thiscall sf::Text::setCharacterSize(unsigned int)" (__imp_?setCharacterSize@Text@sf@@QAEXI@Z) referenced in function _main
main.obj : error LNK2019: unresolved external symbol "__declspec(dllimport) public: void __thiscall sf::Text::setStyle(unsigned int)" (__imp_?setStyle@Text@sf@@QAEXI@Z) referenced in function _main
main.obj : error LNK2019: unresolved external symbol "__declspec(dllimport) public: void __thiscall sf::Text::setFillColor(class sf::Color const &)" (__imp_?setFillColor@Text@sf@@QAEXABVColor@2@@Z) referenced in function _main
main.obj : error LNK2019: unresolved external symbol "__declspec(dllimport) public: virtual __thiscall sf::Text::~Text(void)" (__imp_??1Text@sf@@UAE@XZ) referenced in function _main
main.obj : error LNK2019: unresolved external symbol "__declspec(dllimport) public: void __thiscall sf::SoundSource::setVolume(float)" (__imp_?setVolume@SoundSource@sf@@QAEXM@Z) referenced in function _main
main.obj : error LNK2019: unresolved external symbol "__declspec(dllimport) public: virtual void __thiscall sf::SoundStream::play(void)" (__imp_?play@SoundStream@sf@@UAEXXZ) referenced in function _main
main.obj : error LNK2019: unresolved external symbol "__declspec(dllimport) public: __thiscall sf::Music::Music(void)" (__imp_??0Music@sf@@QAE@XZ) referenced in function _main
main.obj : error LNK2019: unresolved external symbol "__declspec(dllimport) public: virtual __thiscall sf::Music::~Music(void)" (__imp_??1Music@sf@@UAE@XZ) referenced in function _main
main.obj : error LNK2019: unresolved external symbol "__declspec(dllimport) public: bool __thiscall sf::Music::openFromFile(class std::basic_string<char,struct std::char_traits<char>,class std::allocator<char> > const &)" (__imp_?openFromFile@Music@sf@@QAE_NABV?$basic_string@DU?$char_traits@D@std@@V?$allocator@D@2@@std@@@Z) referenced in function _main
main.obj : error LNK2019: unresolved external symbol "__declspec(dllimport) public: static class sf::RenderStates const sf::RenderStates::Default" (__imp_?Default@RenderStates@sf@@2V12@B) referenced in function "void __cdecl drawBullet(class sf::RenderWindow &,float * const,class sf::Sprite &)" (?drawBullet@@YAXAAVRenderWindow@sf@@QAMAAVSprite@2@@Z)
main.obj : error LNK2019: unresolved external symbol "__declspec(dllimport) public: static class sf::Color const sf::Color::Red" (__imp_?Red@Color@sf@@2V12@B) referenced in function "void __cdecl drawMushrooms(class sf::RenderWindow &)" (?drawMushrooms@@YAXAAVRenderWindow@sf@@@Z)
main.obj : error LNK2019: unresolved external symbol "__declspec(dllimport) public: static class sf::Color const sf::Color::Blue" (__imp_?Blue@Color@sf@@2V12@B) referenced in function "void __cdecl drawCentipede(class sf::RenderWindow &,int,int)" (?drawCentipede@@YAXAAVRenderWindow@sf@@HH@Z)
main.obj : error LNK2019: unresolved external symbol "__declspec(dllimport) public: static class sf::Color const sf::Color::Yellow" (__imp_?Yellow@Color@sf@@2V12@B) referenced in function "void __cdecl drawMushrooms(class sf::RenderWindow &)" (?drawMushrooms@@YAXAAVRenderWindow@sf@@@Z)
C:\SFML-2.6.1-windows-vc17-64-bit\SFML-2.6.1\lib\sfml-graphics.lib : warning LNK4272: library machine type 'x64' conflicts with target machine type 'x86'
C:\SFML-2.6.1-windows-vc17-64-bit\SFML-2.6.1\lib\sfml-window.lib : warning LNK4272: library machine type 'x64' conflicts with target machine type 'x86'
C:\SFML-2.6.1-windows-vc17-64-bit\SFML-2.6.1\lib\sfml-system.lib : warning LNK4272: library machine type 'x64' conflicts with target machine type 'x86'
C:\SFML-2.6.1-windows-vc17-64-bit\SFML-2.6.1\lib\sfml-audio.lib : warning LNK4272: library machine type 'x64' conflicts with target machine type 'x86'
C:\Users\Dell\Desktop\centipede game\Debug\centipede game.exe : fatal error LNK1120: 49 unresolved externals
